<?xml version='1.0' encoding='UTF-8'?>
<testsuite hostname="Portatil-Jordi.local" name="com.agilogy.uri.UriSpec" tests="16" errors="0" failures="0" skipped="0"
           time="0.242">
    <properties>
[...]
</properties>
    <testcase classname="com.agilogy.uri.UriSpec" name=" minimal authority uri" time="0.058">

    </testcase>
    <testcase classname="com.agilogy.uri.UriSpec" name=" minimal no authority uri" time="0.027">

    </testcase>
    <testcase classname="com.agilogy.uri.UriSpec" name=" authority uri with host + port" time="0.002">

    </testcase>
    <testcase classname="com.agilogy.uri.UriSpec" name=" add a path to an authority uri" time="0.003">

    </testcase>
    <testcase classname="com.agilogy.uri.UriSpec" name=" add a path to a no authority uri" time="0.05">

    </testcase>
    <testcase classname="com.agilogy.uri.UriSpec" name=" add a query to an authority uri" time="0.005">

    </testcase>
    <testcase classname="com.agilogy.uri.UriSpec" name=" add a query to a no authority uri" time="0.003">

    </testcase>
    <testcase classname="com.agilogy.uri.UriSpec" name=" add a query to a potentially erroneous no authority uri"
              time="0.005">

    </testcase>
    <testcase classname="com.agilogy.uri.UriSpec" name=" add a fragment to an authority uri" time="0.01">

    </testcase>
    <testcase classname="com.agilogy.uri.UriSpec" name=" add a fragment to a no authority uri" time="0.006">

    </testcase>
    <testcase classname="com.agilogy.uri.UriSpec" name=" add a fragment to a potentially erroneous no authority uri"
              time="0.041">

    </testcase>
    <testcase classname="com.agilogy.uri.UriSpec" name=" build a full authority uri" time="0.022">

    </testcase>
    <testcase classname="com.agilogy.uri.UriSpec" name=" build a full no authority uri" time="0.001">

    </testcase>
    <testcase classname="com.agilogy.uri.UriSpec" name=" build an authority uri with an absolute path with no segments"
              time="0.0">

    </testcase>
    <testcase classname="com.agilogy.uri.UriSpec" name=" build an authority uri ending in '/'" time="0.005">

    </testcase>
    <testcase classname="com.agilogy.uri.UriSpec" name=" build an uri without authority but with path" time="0.004">

    </testcase>
    <system-out></system-out>
    <system-err></system-err>
</testsuite>